<?xml version="1.0" encoding="UTF-8"?>
<!-- Generated by org.testng.reporters.JUnitXMLReporter -->
<testsuite ignored="1" hostname="LAPTOP-DHR1V4R7" failures="0" tests="4" name="Surefire test" time="206.947" errors="0" timestamp="2021-04-21T22:55:00 IST">
  <testcase classname="TestCases.ContactsPageTest" name="contactsPageTest" time="40.904"/>
  <testcase classname="TestCases.ContactsPageTest" name="contactsPageTest" time="66.222"/>
  <testcase classname="TestCases.ContactsPageTest" name="contactsPageTest" time="99.725"/>
  <testcase classname="TestCases.LoginPageTest" name="loginPageTest" time="0.0">
    <skipped/>
  </testcase> <!-- loginPageTest -->
  <testcase classname="TestBase.TestBase" name="@BeforeSuite setUp" time="0.0">
    <ignored/>
  </testcase> <!-- @BeforeSuite setUp -->
</testsuite> <!-- Surefire test -->
