<?xml version="1.0" encoding="UTF-8"?>
<!-- Generated by org.testng.reporters.JUnitXMLReporter -->
<testsuite ignored="0" hostname="LAPTOP-DHR1V4R7" failures="0" tests="3" name="Surefire test" time="73.762" errors="0" timestamp="2021-04-15T22:38:02 IST">
  <testcase classname="TestCases.LoginPageTest" name="loginPageTest" time="47.52"/>
  <testcase classname="TestCases.LoginPageTest" name="loginPageTest" time="12.155"/>
  <testcase classname="TestCases.LoginPageTest" name="loginPageTest" time="13.978"/>
</testsuite> <!-- Surefire test -->
