<?xml version="1.0" encoding="UTF-8"?>
<!-- Generated by org.testng.reporters.JUnitXMLReporter -->
<testsuite ignored="0" hostname="LAPTOP-DHR1V4R7" failures="0" tests="3" name="Default test" time="215.786" errors="0" timestamp="2021-04-20T23:47:41 IST">
  <testcase classname="TestCases.ContactsPageTest" name="contactsPageTest" time="45.468"/>
  <testcase classname="TestCases.ContactsPageTest" name="contactsPageTest" time="70.056"/>
  <testcase classname="TestCases.ContactsPageTest" name="contactsPageTest" time="100.106"/>
</testsuite> <!-- Default test -->
