<?xml version="1.0" encoding="UTF-8"?>
<!-- Generated by org.testng.reporters.JUnitXMLReporter -->
<testsuite ignored="0" hostname="LAPTOP-DHR1V4R7" failures="0" tests="3" name="Default test" time="128.389" errors="0" timestamp="2021-04-20T00:33:42 IST">
  <testcase classname="TestCases.ContactsPageTest" name="contactsPageTest" time="43.284"/>
  <testcase classname="TestCases.ContactsPageTest" name="contactsPageTest" time="42.471"/>
  <testcase classname="TestCases.ContactsPageTest" name="contactsPageTest" time="42.524"/>
</testsuite> <!-- Default test -->
