<?xml version="1.0" encoding="UTF-8"?>
<testng-results ignored="0" total="3" passed="3" failed="0" skipped="0">
  <reporter-output>
  </reporter-output>
  <suite started-at="2021-04-15T22:36:48 IST" name="Surefire suite" finished-at="2021-04-15T22:38:02 IST" duration-ms="73762">
    <groups>
    </groups>
    <test started-at="2021-04-15T22:36:48 IST" name="Surefire test" finished-at="2021-04-15T22:38:02 IST" duration-ms="73762">
      <class name="TestCases.LoginPageTest">
        <test-method is-config="true" signature="setUp()[pri:0, instance:TestCases.LoginPageTest@1bb9aa43]" started-at="2021-04-15T22:36:48 IST" name="setUp" finished-at="2021-04-15T22:36:48 IST" duration-ms="250" status="PASS">
          <reporter-output>
          </reporter-output>
        </test-method> <!-- setUp -->
        <test-method signature="loginPageTest(java.util.Hashtable)[pri:1, instance:TestCases.LoginPageTest@1bb9aa43]" started-at="2021-04-15T22:36:49 IST" name="loginPageTest" data-provider="dp" finished-at="2021-04-15T22:37:36 IST" duration-ms="47520" status="PASS">
          <params>
            <param index="0">
              <value>
                <![CDATA[{RowNum=2, Description=, Actual Result=, Result=, Expected Result=Vaibhav Hatge, UserName=hatgevaibhav69@gmail.com, Password=Joker@007, URL=https://ui.freecrm.com/, rowNum=2, TC No.=1.0}]]>
              </value>
            </param>
          </params>
          <reporter-output>
          </reporter-output>
        </test-method> <!-- loginPageTest -->
        <test-method signature="loginPageTest(java.util.Hashtable)[pri:1, instance:TestCases.LoginPageTest@1bb9aa43]" started-at="2021-04-15T22:37:36 IST" name="loginPageTest" data-provider="dp" finished-at="2021-04-15T22:37:48 IST" duration-ms="12155" status="PASS">
          <params>
            <param index="0">
              <value>
                <![CDATA[{RowNum=3, Description=, Actual Result=, Result=, Expected Result=Invalid login, UserName=hatgevaibhav69@gmail.com, Password=Abc, URL=https://ui.freecrm.com/, rowNum=3, TC No.=2.0}]]>
              </value>
            </param>
          </params>
          <reporter-output>
          </reporter-output>
        </test-method> <!-- loginPageTest -->
        <test-method signature="loginPageTest(java.util.Hashtable)[pri:1, instance:TestCases.LoginPageTest@1bb9aa43]" started-at="2021-04-15T22:37:48 IST" name="loginPageTest" data-provider="dp" finished-at="2021-04-15T22:38:02 IST" duration-ms="13978" status="PASS">
          <params>
            <param index="0">
              <value>
                <![CDATA[{RowNum=4, Description=, Actual Result=, Result=, Expected Result=Invalid login, UserName=abc@gmail.com, Password=Joker@007, URL=https://ui.freecrm.com/, rowNum=4, TC No.=3.0}]]>
              </value>
            </param>
          </params>
          <reporter-output>
          </reporter-output>
        </test-method> <!-- loginPageTest -->
      </class> <!-- TestCases.LoginPageTest -->
    </test> <!-- Surefire test -->
  </suite> <!-- Surefire suite -->
</testng-results>
