<?xml version="1.0" encoding="UTF-8"?>
<testng-results ignored="0" total="3" passed="3" failed="0" skipped="0">
  <reporter-output>
  </reporter-output>
  <suite started-at="2021-04-20T00:31:34 IST" name="Default suite" finished-at="2021-04-20T00:33:42 IST" duration-ms="128389">
    <groups>
    </groups>
    <test started-at="2021-04-20T00:31:34 IST" name="Default test" finished-at="2021-04-20T00:33:42 IST" duration-ms="128389">
      <class name="TestCases.ContactsPageTest">
        <test-method is-config="true" signature="setUp()[pri:0, instance:TestCases.ContactsPageTest@13518f37]" started-at="2021-04-20T00:31:32 IST" name="setUp" finished-at="2021-04-20T00:31:34 IST" duration-ms="1553" status="PASS">
          <reporter-output>
          </reporter-output>
        </test-method> <!-- setUp -->
        <test-method signature="contactsPageTest(java.util.Hashtable)[pri:1, instance:TestCases.ContactsPageTest@13518f37]" started-at="2021-04-20T00:31:34 IST" name="contactsPageTest" data-provider="dp" finished-at="2021-04-20T00:32:17 IST" duration-ms="43284" status="PASS">
          <params>
            <param index="0">
              <value>
                <![CDATA[{First  Name=Vaibhav , Password=Joker@007, Last Name=Hatge, Social=Facebook, UserName=hatgevaibhav69@gmail.com, RowNum=2, rowNum=2, TC No.=1.0}]]>
              </value>
            </param>
          </params>
          <reporter-output>
          </reporter-output>
        </test-method> <!-- contactsPageTest -->
        <test-method signature="contactsPageTest(java.util.Hashtable)[pri:1, instance:TestCases.ContactsPageTest@13518f37]" started-at="2021-04-20T00:32:17 IST" name="contactsPageTest" data-provider="dp" finished-at="2021-04-20T00:33:00 IST" duration-ms="42471" status="PASS">
          <params>
            <param index="0">
              <value>
                <![CDATA[{First  Name=Shreyas, Password=Joker@007, Last Name=Kolambakar, Social=Twitter, UserName=hatgevaibhav69@gmail.com, RowNum=3, rowNum=3, TC No.=2.0}]]>
              </value>
            </param>
          </params>
          <reporter-output>
          </reporter-output>
        </test-method> <!-- contactsPageTest -->
        <test-method signature="contactsPageTest(java.util.Hashtable)[pri:1, instance:TestCases.ContactsPageTest@13518f37]" started-at="2021-04-20T00:33:00 IST" name="contactsPageTest" data-provider="dp" finished-at="2021-04-20T00:33:42 IST" duration-ms="42524" status="PASS">
          <params>
            <param index="0">
              <value>
                <![CDATA[{First  Name=Ankita, Password=Joker@007, Last Name=Shingre, Social=LinkedIn, UserName=hatgevaibhav69@gmail.com, RowNum=4, rowNum=4, TC No.=3.0}]]>
              </value>
            </param>
          </params>
          <reporter-output>
          </reporter-output>
        </test-method> <!-- contactsPageTest -->
      </class> <!-- TestCases.ContactsPageTest -->
    </test> <!-- Default test -->
  </suite> <!-- Default suite -->
</testng-results>
